*** Using Compiler 'V6.21', folder: 'D:\IDE\Keil5\ARM\ARMCLANG\Bin'
Build target 'demo'
compiling gd32f4xx_adc.c...
compiling gd32f4xx_fwdgt.c...
compiling gd32f4xx_dbg.c...
compiling gd32f4xx_crc.c...
compiling gd32f4xx_dci.c...
compiling system_gd32f4xx.c...
compiling gd32f4xx_ctc.c...
compiling gd32f4xx_exti.c...
compiling gd32f4xx_can.c...
compiling gd32f4xx_dac.c...
compiling gd32f4xx_gpio.c...
compiling gd32f4xx_dma.c...
compiling gd32f4xx_i2c.c...
compiling gd32f4xx_exmc.c...
compiling gd32f4xx_fmc.c...
compiling gd32f4xx_ipa.c...
compiling gd32f4xx_iref.c...
compiling gd32f4xx_pmu.c...
compiling gd32f4xx_misc.c...
compiling gd32f4xx_enet.c...
compiling gd32f4xx_syscfg.c...
compiling gd32f4xx_rcu.c...
compiling gd32f4xx_sdio.c...
compiling gd32f4xx_spi.c...
compiling gd32f4xx_trng.c...
compiling gd32f4xx_wwdgt.c...
compiling u1.c...
compiling gd32f4xx_tli.c...
compiling e2.c...
compiling gd32f4xx_rtc.c...
compiling e1.c...
compiling i2c.c...
compiling gd32f4xx_usart.c...
compiling gd32f4xx_timer.c...
compiling e3.c...
compiling s1.c...
compiling s6.c...
compiling s2.c...
compiling s7.c...
compiling s11.c...
compiling s8.c...
compiling timer.c...
compiling s5.c...
compiling main.c...
compiling delay.c...
linking...
Program Size: Code=8160 RO-data=536 RW-data=0 ZI-data=1056  
FromELF: creating hex file...
".\Objects\demo.axf" - 0 Error(s), 0 Warning(s).
Build Time Elapsed:  00:00:02
